[INFO  - 2016-08-15T19:18:51.851Z] GhostDriver - Main - running on port 63116
[INFO  - 2016-08-15T19:18:53.349Z] Session [1aa262f0-631d-11e6-82e6-cd9dc6d5118e] - page.settings - {"XSSAuditingEnabled":false,"javascriptCanCloseWindows":true,"javascriptCanOpenWindows":true,"javascriptEnabled":true,"loadImages":true,"localToRemoteUrlAccessEnabled":false,"userAgent":"Mozilla/5.0 (Windows NT 6.1; WOW64) AppleWebKit/538.1 (KHTML, like Gecko) PhantomJS/2.1.1 Safari/538.1","webSecurityEnabled":true}
[INFO  - 2016-08-15T19:18:53.349Z] Session [1aa262f0-631d-11e6-82e6-cd9dc6d5118e] - page.customHeaders:  - {}
[INFO  - 2016-08-15T19:18:53.350Z] Session [1aa262f0-631d-11e6-82e6-cd9dc6d5118e] - Session.negotiatedCapabilities - {"browserName":"phantomjs","version":"2.1.1","driverName":"ghostdriver","driverVersion":"1.2.0","platform":"windows-7-32bit","javascriptEnabled":true,"takesScreenshot":true,"handlesAlerts":false,"databaseEnabled":false,"locationContextEnabled":false,"applicationCacheEnabled":false,"browserConnectionEnabled":false,"cssSelectorsEnabled":true,"webStorageEnabled":false,"rotatable":false,"acceptSslCerts":false,"nativeEvents":true,"proxy":{"proxyType":"direct"}}
[INFO  - 2016-08-15T19:18:53.350Z] SessionManagerReqHand - _postNewSessionCommand - New Session Created: 1aa262f0-631d-11e6-82e6-cd9dc6d5118e
[ERROR - 2016-08-15T19:23:38.677Z] Session [1aa262f0-631d-11e6-82e6-cd9dc6d5118e] - page.onError - msg: TypeError: undefined is not an object (evaluating 'window.HTMLMediaElement.HAVE_NOTHING')

  phantomjs://platform/console++.js:263 in error
[ERROR - 2016-08-15T19:23:38.678Z] Session [1aa262f0-631d-11e6-82e6-cd9dc6d5118e] - page.onError - stack:
  (anonymous function) (https://sdk.streamrail.com/player/sr.ads.js:3)
  e (https://sdk.streamrail.com/player/sr.ads.js:2)
  (anonymous function) (https://sdk.streamrail.com/player/sr.ads.js:3)
  e (https://sdk.streamrail.com/player/sr.ads.js:2)
  (anonymous function) (https://sdk.streamrail.com/player/sr.ads.js:3)
  e (https://sdk.streamrail.com/player/sr.ads.js:2)
  (anonymous function) (https://sdk.streamrail.com/player/sr.ads.js:2)
  e (https://sdk.streamrail.com/player/sr.ads.js:2)
  (anonymous function) (https://sdk.streamrail.com/player/sr.ads.js:2)
  e (https://sdk.streamrail.com/player/sr.ads.js:2)
  (anonymous function) (https://sdk.streamrail.com/player/sr.ads.js:2)
  e (https://sdk.streamrail.com/player/sr.ads.js:2)
  (anonymous function) (https://sdk.streamrail.com/player/sr.ads.js:2)
  e (https://sdk.streamrail.com/player/sr.ads.js:2)
  (anonymous function) (https://sdk.streamrail.com/player/sr.ads.js:2)

  phantomjs://platform/console++.js:263 in error
[INFO  - 2016-08-15T19:23:51.844Z] SessionManagerReqHand - _cleanupWindowlessSessions - Asynchronous Sessions clean-up phase starting NOW
[INFO  - 2016-08-15T19:28:51.844Z] SessionManagerReqHand - _cleanupWindowlessSessions - Asynchronous Sessions clean-up phase starting NOW
[INFO  - 2016-08-15T19:33:51.844Z] SessionManagerReqHand - _cleanupWindowlessSessions - Asynchronous Sessions clean-up phase starting NOW
[ERROR - 2016-08-15T19:37:37.012Z] Session [1aa262f0-631d-11e6-82e6-cd9dc6d5118e] - page.onError - msg: TypeError: undefined is not an object (evaluating 'H[a].define')

  phantomjs://platform/console++.js:263 in error
[ERROR - 2016-08-15T19:37:37.012Z] Session [1aa262f0-631d-11e6-82e6-cd9dc6d5118e] - page.onError - stack:
  registerCompositionDefn (https://animate.adobe.com/runtime/6.0.0/edge.6.0.0.min.js:98)
  (anonymous function) (https://s1.2mdn.net/1440398/1460738066048/CalMac_Leaderboard_edge.js:2)

  phantomjs://platform/console++.js:263 in error
[INFO  - 2016-08-15T19:38:51.844Z] SessionManagerReqHand - _cleanupWindowlessSessions - Asynchronous Sessions clean-up phase starting NOW
[INFO  - 2016-08-15T19:43:51.875Z] SessionManagerReqHand - _cleanupWindowlessSessions - Asynchronous Sessions clean-up phase starting NOW
[ERROR - 2016-08-15T19:47:06.514Z] Session [1aa262f0-631d-11e6-82e6-cd9dc6d5118e] - page.onError - msg: ReferenceError: Can't find variable: rptcsi

  phantomjs://platform/console++.js:263 in error
[ERROR - 2016-08-15T19:47:06.515Z] Session [1aa262f0-631d-11e6-82e6-cd9dc6d5118e] - page.onError - stack:
  onload (https://ad.doubleclick.net/ddm/adi/N8913.151350QUANTCAST/B10063702.135107811;dc_ver=33.86;dc_eid=40004001;sz=728x90;dc_adk=3839774902;ord=7ks6pz;click=http%3A%2F%2Fexch.quantserve.com%2Fr%3Fa%3Dp-TJENQFf5ZnJa9%26labels%3D_qc.clk%2C_click.adserver.rtb%2C_click.rand.9221%26rtbip%3D91.228.75.91%26rtbdata2%3DEAwaIEhvbmRhX0xhdW5jaF9QZXJmb3JtYW5jZV9RM18yMDE2ILCfGyigjQ4wkK03OhlodHRwczovL3d3dy53aG9zY29yZWQuY29tWihJM0pzSGlkd2JFbzdkamNmSUNRakZDZDJQUjA3SjJnVklpTnZ3Y2dWdSlX7zyAAbeSkdcPoAEBqAGMu_0CugEYVjdJVm83bFFKeTRBQUZoMm5FMEFBQUMxwAGChQLIAbaC-f3oKtoBEEZEOTAxRjIyMjlFNDkyMzflAYZGAjzoAWOYArzlD6gCBqgCBbACCLoCBFvkS1vAAgLIAgDQAs7hhvv4n_fMqQHgAgA%26redirecturl2%3D;dc_rfl=1,https%3A%2F%2Fwww.whoscored.com%2FMatches%2F959777%2FLive%2FEngland-Premier-League-2015-2016-Leicester-Aston-Villa$0;xdt=0;crlt=EuUZUtjaNh;sttr=2;prcl=s?:1)

  phantomjs://platform/console++.js:263 in error
[INFO  - 2016-08-15T19:48:51.876Z] SessionManagerReqHand - _cleanupWindowlessSessions - Asynchronous Sessions clean-up phase starting NOW
[INFO  - 2016-08-15T19:53:51.876Z] SessionManagerReqHand - _cleanupWindowlessSessions - Asynchronous Sessions clean-up phase starting NOW
[INFO  - 2016-08-15T19:58:51.876Z] SessionManagerReqHand - _cleanupWindowlessSessions - Asynchronous Sessions clean-up phase starting NOW
[INFO  - 2016-08-15T20:03:51.876Z] SessionManagerReqHand - _cleanupWindowlessSessions - Asynchronous Sessions clean-up phase starting NOW
[INFO  - 2016-08-15T20:08:51.907Z] SessionManagerReqHand - _cleanupWindowlessSessions - Asynchronous Sessions clean-up phase starting NOW
[INFO  - 2016-08-15T20:13:53.271Z] SessionManagerReqHand - _cleanupWindowlessSessions - Asynchronous Sessions clean-up phase starting NOW
[INFO  - 2016-08-15T20:18:53.188Z] SessionManagerReqHand - _cleanupWindowlessSessions - Asynchronous Sessions clean-up phase starting NOW
[ERROR - 2016-08-15T20:23:26.710Z] Session [1aa262f0-631d-11e6-82e6-cd9dc6d5118e] - page.onError - msg: TypeError: undefined is not an object (evaluating 'window.HTMLMediaElement.HAVE_NOTHING')

  phantomjs://platform/console++.js:263 in error
[ERROR - 2016-08-15T20:23:26.710Z] Session [1aa262f0-631d-11e6-82e6-cd9dc6d5118e] - page.onError - stack:
  (anonymous function) (https://sdk.streamrail.com/player/sr.ads.js:3)
  e (https://sdk.streamrail.com/player/sr.ads.js:2)
  (anonymous function) (https://sdk.streamrail.com/player/sr.ads.js:3)
  e (https://sdk.streamrail.com/player/sr.ads.js:2)
  (anonymous function) (https://sdk.streamrail.com/player/sr.ads.js:3)
  e (https://sdk.streamrail.com/player/sr.ads.js:2)
  (anonymous function) (https://sdk.streamrail.com/player/sr.ads.js:2)
  e (https://sdk.streamrail.com/player/sr.ads.js:2)
  (anonymous function) (https://sdk.streamrail.com/player/sr.ads.js:2)
  e (https://sdk.streamrail.com/player/sr.ads.js:2)
  (anonymous function) (https://sdk.streamrail.com/player/sr.ads.js:2)
  e (https://sdk.streamrail.com/player/sr.ads.js:2)
  (anonymous function) (https://sdk.streamrail.com/player/sr.ads.js:2)
  e (https://sdk.streamrail.com/player/sr.ads.js:2)
  (anonymous function) (https://sdk.streamrail.com/player/sr.ads.js:2)

  phantomjs://platform/console++.js:263 in error
[INFO  - 2016-08-15T20:23:53.807Z] SessionManagerReqHand - _cleanupWindowlessSessions - Asynchronous Sessions clean-up phase starting NOW
[INFO  - 2016-08-15T20:28:53.800Z] SessionManagerReqHand - _cleanupWindowlessSessions - Asynchronous Sessions clean-up phase starting NOW
[INFO  - 2016-08-15T20:33:55.675Z] SessionManagerReqHand - _cleanupWindowlessSessions - Asynchronous Sessions clean-up phase starting NOW
[INFO  - 2016-08-15T20:38:55.658Z] SessionManagerReqHand - _cleanupWindowlessSessions - Asynchronous Sessions clean-up phase starting NOW
[INFO  - 2016-08-15T20:43:55.658Z] SessionManagerReqHand - _cleanupWindowlessSessions - Asynchronous Sessions clean-up phase starting NOW
[INFO  - 2016-08-15T20:48:55.658Z] SessionManagerReqHand - _cleanupWindowlessSessions - Asynchronous Sessions clean-up phase starting NOW
[INFO  - 2016-08-15T20:53:55.690Z] SessionManagerReqHand - _cleanupWindowlessSessions - Asynchronous Sessions clean-up phase starting NOW
[INFO  - 2016-08-15T20:58:55.690Z] SessionManagerReqHand - _cleanupWindowlessSessions - Asynchronous Sessions clean-up phase starting NOW
[ERROR - 2016-08-15T21:02:10.454Z] Session [1aa262f0-631d-11e6-82e6-cd9dc6d5118e] - page.onError - msg: TypeError: null is not an object (evaluating 'document.getElementById('clickthrough').addEventListener')

  phantomjs://platform/console++.js:263 in error
[ERROR - 2016-08-15T21:02:10.455Z] Session [1aa262f0-631d-11e6-82e6-cd9dc6d5118e] - page.onError - stack:
  global code (https://s0.2mdn.net/ads/richmedia/studio/pv2/44144354/20160721031203600/300x250_Banner/Sunny_300x250.html?e=69&renderingType=2&leftOffset=0&topOffset=0&c=yQqojdKfMf&t=1:54)

  phantomjs://platform/console++.js:263 in error
[INFO  - 2016-08-15T21:03:55.690Z] SessionManagerReqHand - _cleanupWindowlessSessions - Asynchronous Sessions clean-up phase starting NOW
[INFO  - 2016-08-15T21:08:55.690Z] SessionManagerReqHand - _cleanupWindowlessSessions - Asynchronous Sessions clean-up phase starting NOW
[INFO  - 2016-08-15T21:13:55.690Z] SessionManagerReqHand - _cleanupWindowlessSessions - Asynchronous Sessions clean-up phase starting NOW
[INFO  - 2016-08-15T21:18:55.721Z] SessionManagerReqHand - _cleanupWindowlessSessions - Asynchronous Sessions clean-up phase starting NOW
[ERROR - 2016-08-15T21:23:12.158Z] Session [1aa262f0-631d-11e6-82e6-cd9dc6d5118e] - page.onError - msg: TypeError: undefined is not an object (evaluating 'window.HTMLMediaElement.HAVE_NOTHING')

  phantomjs://platform/console++.js:263 in error
[ERROR - 2016-08-15T21:23:12.158Z] Session [1aa262f0-631d-11e6-82e6-cd9dc6d5118e] - page.onError - stack:
  (anonymous function) (https://sdk.streamrail.com/player/sr.ads.js:3)
  e (https://sdk.streamrail.com/player/sr.ads.js:2)
  (anonymous function) (https://sdk.streamrail.com/player/sr.ads.js:3)
  e (https://sdk.streamrail.com/player/sr.ads.js:2)
  (anonymous function) (https://sdk.streamrail.com/player/sr.ads.js:3)
  e (https://sdk.streamrail.com/player/sr.ads.js:2)
  (anonymous function) (https://sdk.streamrail.com/player/sr.ads.js:2)
  e (https://sdk.streamrail.com/player/sr.ads.js:2)
  (anonymous function) (https://sdk.streamrail.com/player/sr.ads.js:2)
  e (https://sdk.streamrail.com/player/sr.ads.js:2)
  (anonymous function) (https://sdk.streamrail.com/player/sr.ads.js:2)
  e (https://sdk.streamrail.com/player/sr.ads.js:2)
  (anonymous function) (https://sdk.streamrail.com/player/sr.ads.js:2)
  e (https://sdk.streamrail.com/player/sr.ads.js:2)
  (anonymous function) (https://sdk.streamrail.com/player/sr.ads.js:2)

  phantomjs://platform/console++.js:263 in error
[INFO  - 2016-08-15T21:23:55.896Z] SessionManagerReqHand - _cleanupWindowlessSessions - Asynchronous Sessions clean-up phase starting NOW
[INFO  - 2016-08-15T21:28:55.894Z] SessionManagerReqHand - _cleanupWindowlessSessions - Asynchronous Sessions clean-up phase starting NOW
[INFO  - 2016-08-15T21:33:55.894Z] SessionManagerReqHand - _cleanupWindowlessSessions - Asynchronous Sessions clean-up phase starting NOW
[INFO  - 2016-08-15T21:38:55.926Z] SessionManagerReqHand - _cleanupWindowlessSessions - Asynchronous Sessions clean-up phase starting NOW
[INFO  - 2016-08-15T21:43:55.929Z] SessionManagerReqHand - _cleanupWindowlessSessions - Asynchronous Sessions clean-up phase starting NOW
[INFO  - 2016-08-15T21:48:55.929Z] SessionManagerReqHand - _cleanupWindowlessSessions - Asynchronous Sessions clean-up phase starting NOW
[INFO  - 2016-08-15T21:53:55.940Z] SessionManagerReqHand - _cleanupWindowlessSessions - Asynchronous Sessions clean-up phase starting NOW
[INFO  - 2016-08-15T21:58:55.940Z] SessionManagerReqHand - _cleanupWindowlessSessions - Asynchronous Sessions clean-up phase starting NOW
[INFO  - 2016-08-15T22:03:55.973Z] SessionManagerReqHand - _cleanupWindowlessSessions - Asynchronous Sessions clean-up phase starting NOW
[INFO  - 2016-08-15T22:08:55.983Z] SessionManagerReqHand - _cleanupWindowlessSessions - Asynchronous Sessions clean-up phase starting NOW
[INFO  - 2016-08-15T22:13:55.984Z] SessionManagerReqHand - _cleanupWindowlessSessions - Asynchronous Sessions clean-up phase starting NOW
[INFO  - 2016-08-15T22:18:55.986Z] SessionManagerReqHand - _cleanupWindowlessSessions - Asynchronous Sessions clean-up phase starting NOW
[INFO  - 2016-08-15T22:23:55.997Z] SessionManagerReqHand - _cleanupWindowlessSessions - Asynchronous Sessions clean-up phase starting NOW
[INFO  - 2016-08-15T22:28:56.029Z] SessionManagerReqHand - _cleanupWindowlessSessions - Asynchronous Sessions clean-up phase starting NOW
[INFO  - 2016-08-15T22:33:56.028Z] SessionManagerReqHand - _cleanupWindowlessSessions - Asynchronous Sessions clean-up phase starting NOW
[INFO  - 2016-08-15T22:38:56.028Z] SessionManagerReqHand - _cleanupWindowlessSessions - Asynchronous Sessions clean-up phase starting NOW
[INFO  - 2016-08-15T22:43:56.041Z] SessionManagerReqHand - _cleanupWindowlessSessions - Asynchronous Sessions clean-up phase starting NOW
[INFO  - 2016-08-15T22:48:56.041Z] SessionManagerReqHand - _cleanupWindowlessSessions - Asynchronous Sessions clean-up phase starting NOW
[INFO  - 2016-08-15T22:53:56.083Z] SessionManagerReqHand - _cleanupWindowlessSessions - Asynchronous Sessions clean-up phase starting NOW
[INFO  - 2016-08-15T22:58:56.083Z] SessionManagerReqHand - _cleanupWindowlessSessions - Asynchronous Sessions clean-up phase starting NOW
[INFO  - 2016-08-15T23:03:56.085Z] SessionManagerReqHand - _cleanupWindowlessSessions - Asynchronous Sessions clean-up phase starting NOW
[INFO  - 2016-08-15T23:08:56.096Z] SessionManagerReqHand - _cleanupWindowlessSessions - Asynchronous Sessions clean-up phase starting NOW
[INFO  - 2016-08-15T23:13:56.128Z] SessionManagerReqHand - _cleanupWindowlessSessions - Asynchronous Sessions clean-up phase starting NOW
[INFO  - 2016-08-16T08:07:03.540Z] SessionManagerReqHand - _cleanupWindowlessSessions - Asynchronous Sessions clean-up phase starting NOW
[INFO  - 2016-08-16T08:12:03.537Z] SessionManagerReqHand - _cleanupWindowlessSessions - Asynchronous Sessions clean-up phase starting NOW
